Loading VQGAN from: /Users/akhilshekkari/Desktop/DiffusionSR/pretrained_weights/autoencoder_vq_f4.pth
Working with z of shape (1, 3, 64, 64) = 12288 dimensions.
VQGAN loaded successfully on cpu
Traceback (most recent call last):
  File "/Users/akhilshekkari/Desktop/DiffusionSR/.venv/lib/python3.11/site-packages/torch/utils/data/dataloader.py", line 1275, in _try_get_data
    data = self._data_queue.get(timeout=timeout)
           ^^^^^^^^^^^^^^^^^^^^^^^^^^^^^^^^^^^^^
  File "/Users/akhilshekkari/.local/share/uv/python/cpython-3.11.13-macos-aarch64-none/lib/python3.11/multiprocessing/queues.py", line 113, in get
    if not self._poll(timeout):
           ^^^^^^^^^^^^^^^^^^^
  File "/Users/akhilshekkari/.local/share/uv/python/cpython-3.11.13-macos-aarch64-none/lib/python3.11/multiprocessing/connection.py", line 257, in poll
    return self._poll(timeout)
           ^^^^^^^^^^^^^^^^^^^
  File "/Users/akhilshekkari/.local/share/uv/python/cpython-3.11.13-macos-aarch64-none/lib/python3.11/multiprocessing/connection.py", line 440, in _poll
    r = wait([self], timeout)
        ^^^^^^^^^^^^^^^^^^^^^
  File "/Users/akhilshekkari/.local/share/uv/python/cpython-3.11.13-macos-aarch64-none/lib/python3.11/multiprocessing/connection.py", line 948, in wait
    ready = selector.select(timeout)
            ^^^^^^^^^^^^^^^^^^^^^^^^
  File "/Users/akhilshekkari/.local/share/uv/python/cpython-3.11.13-macos-aarch64-none/lib/python3.11/selectors.py", line 415, in select
    fd_event_list = self._selector.poll(timeout)
                    ^^^^^^^^^^^^^^^^^^^^^^^^^^^^
  File "/Users/akhilshekkari/Desktop/DiffusionSR/.venv/lib/python3.11/site-packages/torch/utils/data/_utils/signal_handling.py", line 70, in handler
    def handler(signum, frame):

  File "/Users/akhilshekkari/Desktop/DiffusionSR/.venv/lib/python3.11/site-packages/torch/utils/data/_utils/signal_handling.py", line 73, in handler
    _error_if_any_worker_fails()
RuntimeError: DataLoader worker (pid 24196) exited unexpectedly with exit code 1. Details are lost due to multiprocessing. Rerunning with num_workers=0 may give better error trace.

The above exception was the direct cause of the following exception:

Traceback (most recent call last):
  File "/Users/akhilshekkari/Desktop/DiffusionSR/src/train.py", line 54, in <module>
    for step, (hr_latent, lr_latent) in enumerate(cycle(train_dl)):
  File "/Users/akhilshekkari/Desktop/DiffusionSR/.venv/lib/python3.11/site-packages/torch/utils/data/dataloader.py", line 732, in __next__
    data = self._next_data()
           ^^^^^^^^^^^^^^^^^
  File "/Users/akhilshekkari/Desktop/DiffusionSR/.venv/lib/python3.11/site-packages/torch/utils/data/dataloader.py", line 1482, in _next_data
    idx, data = self._get_data()
                ^^^^^^^^^^^^^^^^
  File "/Users/akhilshekkari/Desktop/DiffusionSR/.venv/lib/python3.11/site-packages/torch/utils/data/dataloader.py", line 1444, in _get_data
    success, data = self._try_get_data()
                    ^^^^^^^^^^^^^^^^^^^^
  File "/Users/akhilshekkari/Desktop/DiffusionSR/.venv/lib/python3.11/site-packages/torch/utils/data/dataloader.py", line 1288, in _try_get_data
    raise RuntimeError(
RuntimeError: DataLoader worker (pid(s) 24196, 24197, 24198, 24199) exited unexpectedly
